<?xml version="1.0" encoding="UTF-8"?>
<testng-results ignored="0" total="3" passed="3" failed="0" skipped="0">
  <reporter-output>
  </reporter-output>
  <suite started-at="2024-02-13T07:23:46Z" name="Default suite" finished-at="2024-02-13T07:23:52Z" duration-ms="5471">
    <groups>
      <group name="cucumber">
        <method signature="AbstractTestNGCucumberTests.runScenario(io.cucumber.testng.PickleWrapper, io.cucumber.testng.FeatureWrapper)[pri:0, instance:runner.PlaceOrder@3eb77ea8]" name="runScenario" class="io.cucumber.testng.AbstractTestNGCucumberTests"/>
      </group> <!-- cucumber -->
    </groups>
    <test started-at="2024-02-13T07:23:46Z" name="Default test" finished-at="2024-02-13T07:23:52Z" duration-ms="5471">
      <class name="runner.PlaceOrder">
        <test-method is-config="true" signature="setUpClass(org.testng.ITestContext)[pri:0, instance:runner.PlaceOrder@3eb77ea8]" started-at="2024-02-13T07:23:46Z" name="setUpClass" finished-at="2024-02-13T07:23:47Z" duration-ms="315" status="PASS">
          <params>
            <param index="0">
              <value>
                <![CDATA[org.testng.TestRunner@62b969c4]]>
              </value>
            </param>
          </params>
          <reporter-output>
          </reporter-output>
        </test-method> <!-- setUpClass -->
        <test-method signature="runScenario(io.cucumber.testng.PickleWrapper, io.cucumber.testng.FeatureWrapper)[pri:0, instance:runner.PlaceOrder@3eb77ea8]" started-at="2024-02-13T07:23:47Z" name="runScenario" description="Runs Cucumber Scenarios" data-provider="scenarios" finished-at="2024-02-13T07:23:51Z" duration-ms="4676" status="PASS">
          <params>
            <param index="0">
              <value>
                <![CDATA["Search single item"]]>
              </value>
            </param>
            <param index="1">
              <value>
                <![CDATA["Place Order"]]>
              </value>
            </param>
          </params>
          <reporter-output>
          </reporter-output>
        </test-method> <!-- runScenario -->
        <test-method signature="runScenario(io.cucumber.testng.PickleWrapper, io.cucumber.testng.FeatureWrapper)[pri:0, instance:runner.PlaceOrder@3eb77ea8]" started-at="2024-02-13T07:23:51Z" name="runScenario" description="Runs Cucumber Scenarios" data-provider="scenarios" finished-at="2024-02-13T07:23:52Z" duration-ms="354" status="PASS">
          <params>
            <param index="0">
              <value>
                <![CDATA["Add item to cart"]]>
              </value>
            </param>
            <param index="1">
              <value>
                <![CDATA["Place Order"]]>
              </value>
            </param>
          </params>
          <reporter-output>
          </reporter-output>
        </test-method> <!-- runScenario -->
        <test-method signature="runScenario(io.cucumber.testng.PickleWrapper, io.cucumber.testng.FeatureWrapper)[pri:0, instance:runner.PlaceOrder@3eb77ea8]" started-at="2024-02-13T07:23:52Z" name="runScenario" description="Runs Cucumber Scenarios" data-provider="scenarios" finished-at="2024-02-13T07:23:52Z" duration-ms="98" status="PASS">
          <params>
            <param index="0">
              <value>
                <![CDATA["Checkout order"]]>
              </value>
            </param>
            <param index="1">
              <value>
                <![CDATA["Place Order"]]>
              </value>
            </param>
          </params>
          <reporter-output>
          </reporter-output>
        </test-method> <!-- runScenario -->
        <test-method is-config="true" signature="tearDownClass()[pri:0, instance:runner.PlaceOrder@3eb77ea8]" started-at="2024-02-13T07:23:52Z" name="tearDownClass" finished-at="2024-02-13T07:23:52Z" duration-ms="3" status="PASS">
          <reporter-output>
          </reporter-output>
        </test-method> <!-- tearDownClass -->
      </class> <!-- runner.PlaceOrder -->
    </test> <!-- Default test -->
  </suite> <!-- Default suite -->
</testng-results>
